  Cours4.cpp
c:\workspace\hae_mickael_gp2\cours_4\cours4\cours4.cpp(17): warning C4244: 'initialisation' : conversion de 'double' en 'float', perte possible de données
c:\workspace\hae_mickael_gp2\cours_4\cours4\cours4.cpp(30): warning C4244: 'argument' : conversion de 'double' en 'T', perte possible de données
          with
          [
              T=float
          ]
c:\workspace\hae_mickael_gp2\cours_4\cours4\cours4.cpp(57): warning C4244: 'argument' : conversion de 'float' en 'sf::Uint8', perte possible de données
c:\workspace\hae_mickael_gp2\cours_4\cours4\cours4.cpp(58): warning C4244: 'argument' : conversion de 'float' en 'sf::Uint8', perte possible de données
c:\workspace\hae_mickael_gp2\cours_4\cours4\cours4.cpp(59): warning C4244: 'argument' : conversion de 'float' en 'sf::Uint8', perte possible de données
c:\workspace\hae_mickael_gp2\cours_4\cours4\cours4.cpp(60): warning C4244: 'argument' : conversion de 'float' en 'sf::Uint8', perte possible de données
c:\workspace\hae_mickael_gp2\cours_4\cours4\cours4.cpp(61): warning C4244: 'argument' : conversion de 'float' en 'sf::Uint8', perte possible de données
c:\workspace\hae_mickael_gp2\cours_4\cours4\cours4.cpp(62): warning C4244: 'argument' : conversion de 'float' en 'sf::Uint8', perte possible de données
c:\workspace\hae_mickael_gp2\cours_4\cours4\cours4.cpp(79): warning C4244: 'initialisation' : conversion de 'double' en 'float', perte possible de données
c:\workspace\hae_mickael_gp2\cours_4\cours4\cours4.cpp(89): warning C4244: 'argument' : conversion de 'int' en 'T', perte possible de données
          with
          [
              T=float
          ]
c:\workspace\hae_mickael_gp2\cours_4\cours4\cours4.cpp(90): warning C4244: '=' : conversion de 'T' en 'T', perte possible de données
          with
          [
              T=int
          ]
          and
          [
              T=float
          ]
c:\workspace\hae_mickael_gp2\cours_4\cours4\cours4.cpp(91): warning C4244: '=' : conversion de 'T' en 'T', perte possible de données
          with
          [
              T=int
          ]
          and
          [
              T=float
          ]
c:\workspace\hae_mickael_gp2\cours_4\cours4\cours4.cpp(92): warning C4244: '=' : conversion de 'T' en 'T', perte possible de données
          with
          [
              T=int
          ]
          and
          [
              T=float
          ]
c:\workspace\hae_mickael_gp2\cours_4\cours4\cours4.cpp(93): warning C4244: '=' : conversion de 'T' en 'T', perte possible de données
          with
          [
              T=int
          ]
          and
          [
              T=float
          ]
c:\workspace\hae_mickael_gp2\cours_4\cours4\cours4.cpp(94): warning C4244: '=' : conversion de 'T' en 'T', perte possible de données
          with
          [
              T=int
          ]
          and
          [
              T=float
          ]
c:\workspace\hae_mickael_gp2\cours_4\cours4\cours4.cpp(95): warning C4244: '=' : conversion de 'T' en 'T', perte possible de données
          with
          [
              T=int
          ]
          and
          [
              T=float
          ]
c:\workspace\hae_mickael_gp2\cours_4\cours4\cours4.cpp(96): warning C4244: '=' : conversion de 'T' en 'T', perte possible de données
          with
          [
              T=int
          ]
          and
          [
              T=float
          ]
c:\workspace\hae_mickael_gp2\cours_4\cours4\cours4.cpp(97): warning C4244: '=' : conversion de 'T' en 'T', perte possible de données
          with
          [
              T=int
          ]
          and
          [
              T=float
          ]
c:\workspace\hae_mickael_gp2\cours_4\cours4\cours4.cpp(98): warning C4244: '=' : conversion de 'T' en 'T', perte possible de données
          with
          [
              T=int
          ]
          and
          [
              T=float
          ]
c:\workspace\hae_mickael_gp2\cours_4\cours4\cours4.cpp(99): warning C4244: '=' : conversion de 'T' en 'T', perte possible de données
          with
          [
              T=int
          ]
          and
          [
              T=float
          ]
c:\workspace\hae_mickael_gp2\cours_4\cours4\cours4.cpp(108): warning C4305: 'argument' : troncation de 'double' à 'float'
c:\workspace\hae_mickael_gp2\cours_4\cours4\cours4.cpp(108): warning C4244: 'argument' : conversion de 'double' en 'int', perte possible de données
c:\workspace\hae_mickael_gp2\cours_4\cours4\cours4.cpp(110): warning C4244: 'argument' : conversion de 'double' en 'float', perte possible de données
c:\workspace\hae_mickael_gp2\cours_4\cours4\cours4.cpp(114): warning C4244: 'argument' : conversion de 'double' en 'T', perte possible de données
          with
          [
              T=float
          ]
c:\workspace\hae_mickael_gp2\cours_4\cours4\cours4.cpp(124): warning C4305: '+=' : troncation de 'double' à 'float'
c:\workspace\hae_mickael_gp2\cours_4\cours4\cours4.cpp(144): warning C4244: 'initialisation' : conversion de 'double' en 'float', perte possible de données
c:\workspace\hae_mickael_gp2\cours_4\cours4\cours4.cpp(151): warning C4244: 'argument' : conversion de 'double' en 'T', perte possible de données
          with
          [
              T=float
          ]
  Cours4.vcxproj -> C:\WorkSpace\hae_Mickael_gp2\Cours_4\Cours4\Debug\Cours4.exe
