  App.cpp
c:\workspace\hae_mickael_gp2\cours_8\app\dijkstra.h(50): warning C4244: '=' : conversion de 'double' en 'int', perte possible de données
c:\workspace\hae_mickael_gp2\cours_8\app\dijkstra.h(68): warning C4244: '=' : conversion de 'double' en 'int', perte possible de données
c:\workspace\hae_mickael_gp2\cours_8\app\fadingparticle.h(18): warning C4244: 'argument' : conversion de 'double' en 'T', perte possible de données
          with
          [
              T=float
          ]
c:\workspace\hae_mickael_gp2\cours_8\app\app.cpp(209): warning C4244: 'argument' : conversion de 'double' en 'T', perte possible de données
          with
          [
              T=float
          ]
c:\workspace\hae_mickael_gp2\cours_8\app\app.cpp(212): warning C4244: 'argument' : conversion de 'double' en 'float', perte possible de données
c:\workspace\hae_mickael_gp2\cours_8\app\app.cpp(213): warning C4244: 'argument' : conversion de 'double' en 'T', perte possible de données
          with
          [
              T=float
          ]
c:\workspace\hae_mickael_gp2\cours_8\app\app.cpp(217): warning C4244: 'argument' : conversion de 'double' en 'T', perte possible de données
          with
          [
              T=float
          ]
c:\workspace\hae_mickael_gp2\cours_8\app\app.cpp(220): warning C4244: 'argument' : conversion de 'double' en 'float', perte possible de données
c:\workspace\hae_mickael_gp2\cours_8\app\app.cpp(221): warning C4244: 'argument' : conversion de 'double' en 'T', perte possible de données
          with
          [
              T=float
          ]
c:\workspace\hae_mickael_gp2\cours_8\app\app.cpp(242): warning C4244: 'initialisation' : conversion de 'T' en 'int', perte possible de données
          with
          [
              T=float
          ]
c:\workspace\hae_mickael_gp2\cours_8\app\app.cpp(243): warning C4244: 'initialisation' : conversion de 'T' en 'int', perte possible de données
          with
          [
              T=float
          ]
c:\workspace\hae_mickael_gp2\cours_8\app\app.cpp(252): warning C4244: 'initialisation' : conversion de 'double' en 'float', perte possible de données
c:\workspace\hae_mickael_gp2\cours_8\app\app.cpp(283): warning C4244: 'argument' : conversion de 'int' en 'T', perte possible de données
          with
          [
              T=float
          ]
c:\workspace\hae_mickael_gp2\cours_8\app\app.cpp(282): warning C4244: 'argument' : conversion de 'int' en 'T', perte possible de données
          with
          [
              T=float
          ]
c:\workspace\hae_mickael_gp2\cours_8\app\app.cpp(292): warning C4244: 'argument' : conversion de 'double' en 'T', perte possible de données
          with
          [
              T=float
          ]
c:\workspace\hae_mickael_gp2\cours_8\app\app.cpp(291): warning C4244: 'argument' : conversion de 'double' en 'T', perte possible de données
          with
          [
              T=float
          ]
c:\workspace\hae_mickael_gp2\cours_8\app\app.cpp(327): warning C4244: 'argument' : conversion de 'int' en 'T', perte possible de données
          with
          [
              T=float
          ]
c:\workspace\hae_mickael_gp2\cours_8\app\app.cpp(331): warning C4244: 'argument' : conversion de 'int' en 'T', perte possible de données
          with
          [
              T=float
          ]
c:\workspace\hae_mickael_gp2\cours_8\app\app.cpp(352): warning C4244: 'argument' : conversion de 'double' en 'T', perte possible de données
          with
          [
              T=float
          ]
c:\workspace\hae_mickael_gp2\cours_8\app\app.cpp(404): warning C4244: 'argument' : conversion de 'double' en 'T', perte possible de données
          with
          [
              T=float
          ]
c:\workspace\hae_mickael_gp2\cours_8\app\app.cpp(410): warning C4244: 'argument' : conversion de 'double' en 'float', perte possible de données
c:\workspace\hae_mickael_gp2\cours_8\app\app.cpp(425): warning C4244: 'argument' : conversion de 'double' en 'float', perte possible de données
c:\workspace\hae_mickael_gp2\cours_8\app\app.cpp(426): warning C4244: 'argument' : conversion de 'int' en 'T', perte possible de données
          with
          [
              T=float
          ]
c:\workspace\hae_mickael_gp2\cours_8\app\app.cpp(439): warning C4244: 'argument' : conversion de 'double' en 'float32', perte possible de données
  App.vcxproj -> C:\WorkSpace\hae_Mickael_gp2\Cours_8\App\Debug\App.exe
