The system is: Windows - 10.0.18362 - AMD64
Compiling the C compiler identification source file "CMakeCCompilerId.c" succeeded.
Compiler: D:/Visual17/VC/Tools/MSVC/14.24.28117/bin/HostX64/x64/cl.exe 
Build flags: 
Id flags:  

The output was:
0
Compilateur d'optimisation Microsoft (R) C/C++ version 19.24.28117 pour x64
Copyright (C) Microsoft Corporation. Tous droits réservés.

CMakeCCompilerId.c
Microsoft (R) Incremental Linker Version 14.24.28117.0
Copyright (C) Microsoft Corporation.  All rights reserved.

/out:CMakeCCompilerId.exe 
CMakeCCompilerId.obj 


Compilation of the C compiler identification source "CMakeCCompilerId.c" produced "CMakeCCompilerId.exe"

Compilation of the C compiler identification source "CMakeCCompilerId.c" produced "CMakeCCompilerId.obj"

The C compiler identification is MSVC, found in "D:/WorkSpace/hae_Mickael_gp2/Box2D-master/Contributions/Platforms/iPhone/out/build/x64-Debug/CMakeFiles/3.15.19080502-MSVC_2/CompilerIdC/CMakeCCompilerId.exe"

Compiling the CXX compiler identification source file "CMakeCXXCompilerId.cpp" succeeded.
Compiler: D:/Visual17/VC/Tools/MSVC/14.24.28117/bin/HostX64/x64/cl.exe 
Build flags: 
Id flags:  

The output was:
0
Compilateur d'optimisation Microsoft (R) C/C++ version 19.24.28117 pour x64
Copyright (C) Microsoft Corporation. Tous droits réservés.

CMakeCXXCompilerId.cpp
Microsoft (R) Incremental Linker Version 14.24.28117.0
Copyright (C) Microsoft Corporation.  All rights reserved.

/out:CMakeCXXCompilerId.exe 
CMakeCXXCompilerId.obj 


Compilation of the CXX compiler identification source "CMakeCXXCompilerId.cpp" produced "CMakeCXXCompilerId.exe"

Compilation of the CXX compiler identification source "CMakeCXXCompilerId.cpp" produced "CMakeCXXCompilerId.obj"

The CXX compiler identification is MSVC, found in "D:/WorkSpace/hae_Mickael_gp2/Box2D-master/Contributions/Platforms/iPhone/out/build/x64-Debug/CMakeFiles/3.15.19080502-MSVC_2/CompilerIdCXX/CMakeCXXCompilerId.exe"

Determining if the C compiler works passed with the following output:
Change Dir: D:/WorkSpace/hae_Mickael_gp2/Box2D-master/Contributions/Platforms/iPhone/out/build/x64-Debug/CMakeFiles/CMakeTmp

Run Build Command(s):D:\VISUAL17\COMMON7\IDE\COMMONEXTENSIONS\MICROSOFT\CMAKE\Ninja\ninja.exe cmTC_e5bae && [1/2] Building C object CMakeFiles\cmTC_e5bae.dir\testCCompiler.c.obj
[2/2] Linking C executable cmTC_e5bae.exe



Detecting C compiler ABI info compiled with the following output:
Change Dir: D:/WorkSpace/hae_Mickael_gp2/Box2D-master/Contributions/Platforms/iPhone/out/build/x64-Debug/CMakeFiles/CMakeTmp

Run Build Command(s):D:\VISUAL17\COMMON7\IDE\COMMONEXTENSIONS\MICROSOFT\CMAKE\Ninja\ninja.exe cmTC_8acdd && [1/2] Building C object CMakeFiles\cmTC_8acdd.dir\CMakeCCompilerABI.c.obj
Remarque : inclusion du fichier :  D:\Visual17\Common7\IDE\CommonExtensions\Microsoft\CMake\CMake\share\cmake-3.15\Modules\CMakeCompilerABI.h
[2/2] Linking C executable cmTC_8acdd.exe



Determining if the CXX compiler works passed with the following output:
Change Dir: D:/WorkSpace/hae_Mickael_gp2/Box2D-master/Contributions/Platforms/iPhone/out/build/x64-Debug/CMakeFiles/CMakeTmp

Run Build Command(s):D:\VISUAL17\COMMON7\IDE\COMMONEXTENSIONS\MICROSOFT\CMAKE\Ninja\ninja.exe cmTC_bf1e8 && [1/2] Building CXX object CMakeFiles\cmTC_bf1e8.dir\testCXXCompiler.cxx.obj
[2/2] Linking CXX executable cmTC_bf1e8.exe



Detecting CXX compiler ABI info compiled with the following output:
Change Dir: D:/WorkSpace/hae_Mickael_gp2/Box2D-master/Contributions/Platforms/iPhone/out/build/x64-Debug/CMakeFiles/CMakeTmp

Run Build Command(s):D:\VISUAL17\COMMON7\IDE\COMMONEXTENSIONS\MICROSOFT\CMAKE\Ninja\ninja.exe cmTC_5fadb && [1/2] Building CXX object CMakeFiles\cmTC_5fadb.dir\CMakeCXXCompilerABI.cpp.obj
Remarque : inclusion du fichier :  D:\Visual17\Common7\IDE\CommonExtensions\Microsoft\CMake\CMake\share\cmake-3.15\Modules\CMakeCompilerABI.h
[2/2] Linking CXX executable cmTC_5fadb.exe



